2023-02-18 21:08:23.548 [info] Added views:workbench.panel.markers.view in workbench.panel.markers
2023-02-18 21:08:23.548 [info] Added views:workbench.panel.output in workbench.panel.output
2023-02-18 21:08:23.548 [info] Added views:terminal in terminal
2023-02-18 21:08:23.548 [info] Added views:outline in workbench.view.explorer
2023-02-18 21:08:23.548 [info] Added views:workbench.scm in workbench.view.scm
2023-02-18 21:08:23.548 [info] Added views:workbench.view.search in workbench.view.search
2023-02-18 21:08:23.548 [info] Added views:timeline in workbench.view.explorer
2023-02-18 21:08:23.548 [info] Added views:workbench.explorer.emptyView in workbench.view.explorer
2023-02-18 21:08:24.078 [info] Added views:workbench.debug.variablesView,workbench.debug.watchExpressionsView,workbench.debug.callStackView,workbench.debug.breakPointsView in workbench.view.debug
2023-02-18 21:08:25.609 [info] Added views:workbench.panel.repl.view in workbench.panel.repl
2023-02-18 21:10:44.516 [info] Added views:workbench.panel.markers.view in workbench.panel.markers
2023-02-18 21:10:44.516 [info] Added views:workbench.panel.output in workbench.panel.output
2023-02-18 21:10:44.516 [info] Added views:terminal in terminal
2023-02-18 21:10:44.517 [info] Added views:outline in workbench.view.explorer
2023-02-18 21:10:44.517 [info] Added views:workbench.scm in workbench.view.scm
2023-02-18 21:10:44.517 [info] Added views:workbench.view.search in workbench.view.search
2023-02-18 21:10:44.517 [info] Added views:timeline in workbench.view.explorer
2023-02-18 21:10:44.517 [info] Added views:workbench.explorer.emptyView in workbench.view.explorer
2023-02-18 21:10:44.933 [info] Added views:workbench.debug.variablesView,workbench.debug.watchExpressionsView,workbench.debug.callStackView,workbench.debug.breakPointsView in workbench.view.debug
2023-02-18 21:10:47.100 [info] Added views:workbench.panel.repl.view in workbench.panel.repl
2023-02-18 21:11:55.926 [info] Added views:workbench.panel.markers.view in workbench.panel.markers
2023-02-18 21:11:55.926 [info] Added views:workbench.panel.output in workbench.panel.output
2023-02-18 21:11:55.926 [info] Added views:terminal in terminal
2023-02-18 21:11:55.926 [info] Added views:outline in workbench.view.explorer
2023-02-18 21:11:55.926 [info] Added views:workbench.scm in workbench.view.scm
2023-02-18 21:11:55.926 [info] Added views:workbench.view.search in workbench.view.search
2023-02-18 21:11:55.926 [info] Added views:timeline in workbench.view.explorer
2023-02-18 21:11:55.926 [info] Added views:workbench.explorer.emptyView in workbench.view.explorer
2023-02-18 21:11:56.349 [info] Added views:workbench.debug.variablesView,workbench.debug.watchExpressionsView,workbench.debug.callStackView,workbench.debug.breakPointsView in workbench.view.debug
2023-02-18 21:11:58.560 [info] Added views:workbench.panel.repl.view in workbench.panel.repl
2023-02-18 21:12:15.503 [info] Added views:workbench.panel.markers.view in workbench.panel.markers
2023-02-18 21:12:15.503 [info] Added views:workbench.panel.output in workbench.panel.output
2023-02-18 21:12:15.503 [info] Added views:terminal in terminal
2023-02-18 21:12:15.503 [info] Added views:outline in workbench.view.explorer
2023-02-18 21:12:15.503 [info] Added views:workbench.scm in workbench.view.scm
2023-02-18 21:12:15.503 [info] Added views:workbench.view.search in workbench.view.search
2023-02-18 21:12:15.503 [info] Added views:timeline in workbench.view.explorer
2023-02-18 21:12:15.503 [info] Added views:workbench.explorer.emptyView in workbench.view.explorer
2023-02-18 21:12:15.906 [info] Added views:workbench.debug.variablesView,workbench.debug.watchExpressionsView,workbench.debug.callStackView,workbench.debug.breakPointsView in workbench.view.debug
2023-02-18 21:12:18.271 [info] Added views:workbench.panel.repl.view in workbench.panel.repl
2023-02-18 21:12:33.203 [info] Added views:workbench.panel.output in workbench.panel.output
2023-02-18 21:12:33.203 [info] Added views:workbench.panel.markers.view in workbench.panel.markers
2023-02-18 21:12:33.203 [info] Added views:terminal in terminal
2023-02-18 21:12:33.203 [info] Added views:outline in workbench.view.explorer
2023-02-18 21:12:33.203 [info] Added views:workbench.scm in workbench.view.scm
2023-02-18 21:12:33.203 [info] Added views:workbench.view.search in workbench.view.search
2023-02-18 21:12:33.203 [info] Added views:timeline in workbench.view.explorer
2023-02-18 21:12:33.203 [info] Added views:workbench.explorer.emptyView in workbench.view.explorer
2023-02-18 21:12:33.509 [info] Added views:workbench.debug.variablesView,workbench.debug.watchExpressionsView,workbench.debug.callStackView,workbench.debug.breakPointsView in workbench.view.debug
2023-02-18 21:12:35.575 [info] Added views:workbench.panel.repl.view in workbench.panel.repl
2023-02-18 21:12:42.347 [info] Added views:workbench.panel.markers.view in workbench.panel.markers
2023-02-18 21:12:42.347 [info] Added views:workbench.panel.output in workbench.panel.output
2023-02-18 21:12:42.347 [info] Added views:terminal in terminal
2023-02-18 21:12:42.347 [info] Added views:outline in workbench.view.explorer
2023-02-18 21:12:42.347 [info] Added views:workbench.scm in workbench.view.scm
2023-02-18 21:12:42.347 [info] Added views:workbench.view.search in workbench.view.search
2023-02-18 21:12:42.347 [info] Added views:timeline in workbench.view.explorer
2023-02-18 21:12:42.347 [info] Added views:workbench.explorer.emptyView in workbench.view.explorer
2023-02-18 21:12:43.211 [info] Added views:workbench.debug.variablesView,workbench.debug.watchExpressionsView,workbench.debug.callStackView,workbench.debug.breakPointsView in workbench.view.debug
2023-02-18 21:12:44.145 [info] Added views:workbench.panel.repl.view in workbench.panel.repl
2023-02-18 21:13:17.883 [info] Added views:workbench.panel.markers.view in workbench.panel.markers
2023-02-18 21:13:17.883 [info] Added views:workbench.panel.output in workbench.panel.output
2023-02-18 21:13:17.883 [info] Added views:terminal in terminal
2023-02-18 21:13:17.883 [info] Added views:outline in workbench.view.explorer
2023-02-18 21:13:17.883 [info] Added views:workbench.scm in workbench.view.scm
2023-02-18 21:13:17.883 [info] Added views:workbench.view.search in workbench.view.search
2023-02-18 21:13:17.883 [info] Added views:timeline in workbench.view.explorer
2023-02-18 21:13:17.883 [info] Added views:workbench.explorer.emptyView in workbench.view.explorer
2023-02-18 21:13:18.179 [info] Added views:workbench.debug.variablesView,workbench.debug.watchExpressionsView,workbench.debug.callStackView,workbench.debug.breakPointsView in workbench.view.debug
2023-02-18 21:13:20.834 [info] Added views:workbench.panel.repl.view in workbench.panel.repl
2023-02-18 21:14:03.483 [info] Added views:workbench.panel.markers.view in workbench.panel.markers
2023-02-18 21:14:03.483 [info] Added views:workbench.panel.output in workbench.panel.output
2023-02-18 21:14:03.483 [info] Added views:terminal in terminal
2023-02-18 21:14:03.483 [info] Added views:outline in workbench.view.explorer
2023-02-18 21:14:03.483 [info] Added views:workbench.scm in workbench.view.scm
2023-02-18 21:14:03.483 [info] Added views:workbench.view.search in workbench.view.search
2023-02-18 21:14:03.483 [info] Added views:timeline in workbench.view.explorer
2023-02-18 21:14:03.483 [info] Added views:workbench.explorer.emptyView in workbench.view.explorer
2023-02-18 21:14:03.816 [info] Added views:workbench.debug.variablesView,workbench.debug.watchExpressionsView,workbench.debug.callStackView,workbench.debug.breakPointsView in workbench.view.debug
2023-02-18 21:14:06.300 [info] Added views:workbench.panel.repl.view in workbench.panel.repl
2023-02-18 21:14:33.013 [info] Added views:workbench.panel.markers.view in workbench.panel.markers
2023-02-18 21:14:33.013 [info] Added views:workbench.panel.output in workbench.panel.output
2023-02-18 21:14:33.013 [info] Added views:terminal in terminal
2023-02-18 21:14:33.013 [info] Added views:outline in workbench.view.explorer
2023-02-18 21:14:33.013 [info] Added views:workbench.scm in workbench.view.scm
2023-02-18 21:14:33.013 [info] Added views:workbench.view.search in workbench.view.search
2023-02-18 21:14:33.013 [info] Added views:timeline in workbench.view.explorer
2023-02-18 21:14:33.013 [info] Added views:workbench.explorer.emptyView in workbench.view.explorer
2023-02-18 21:14:33.337 [info] Added views:workbench.debug.variablesView,workbench.debug.watchExpressionsView,workbench.debug.callStackView,workbench.debug.breakPointsView in workbench.view.debug
2023-02-18 21:14:35.128 [info] Added views:workbench.panel.repl.view in workbench.panel.repl
2023-02-18 21:14:42.566 [info] Added views:workbench.panel.markers.view in workbench.panel.markers
2023-02-18 21:14:42.566 [info] Added views:workbench.panel.output in workbench.panel.output
2023-02-18 21:14:42.566 [info] Added views:terminal in terminal
2023-02-18 21:14:42.566 [info] Added views:outline in workbench.view.explorer
2023-02-18 21:14:42.566 [info] Added views:workbench.scm in workbench.view.scm
2023-02-18 21:14:42.566 [info] Added views:workbench.view.search in workbench.view.search
2023-02-18 21:14:42.566 [info] Added views:timeline in workbench.view.explorer
2023-02-18 21:14:42.566 [info] Added views:workbench.explorer.emptyView in workbench.view.explorer
2023-02-18 21:14:42.887 [info] Added views:workbench.debug.variablesView,workbench.debug.watchExpressionsView,workbench.debug.callStackView,workbench.debug.breakPointsView in workbench.view.debug
2023-02-18 21:14:44.869 [info] Added views:workbench.panel.repl.view in workbench.panel.repl
2023-02-18 21:15:13.499 [info] Added views:workbench.panel.markers.view in workbench.panel.markers
2023-02-18 21:15:13.499 [info] Added views:workbench.panel.output in workbench.panel.output
2023-02-18 21:15:13.499 [info] Added views:terminal in terminal
2023-02-18 21:15:13.499 [info] Added views:outline in workbench.view.explorer
2023-02-18 21:15:13.499 [info] Added views:workbench.scm in workbench.view.scm
2023-02-18 21:15:13.499 [info] Added views:workbench.view.search in workbench.view.search
2023-02-18 21:15:13.499 [info] Added views:timeline in workbench.view.explorer
2023-02-18 21:15:13.499 [info] Added views:workbench.explorer.emptyView in workbench.view.explorer
2023-02-18 21:15:13.831 [info] Added views:workbench.debug.variablesView,workbench.debug.watchExpressionsView,workbench.debug.callStackView,workbench.debug.breakPointsView in workbench.view.debug
2023-02-18 21:15:16.000 [info] Added views:workbench.panel.repl.view in workbench.panel.repl
2023-02-18 21:15:34.138 [info] Added views:workbench.panel.markers.view in workbench.panel.markers
2023-02-18 21:15:34.138 [info] Added views:workbench.panel.output in workbench.panel.output
2023-02-18 21:15:34.138 [info] Added views:terminal in terminal
2023-02-18 21:15:34.138 [info] Added views:outline in workbench.view.explorer
2023-02-18 21:15:34.138 [info] Added views:workbench.scm in workbench.view.scm
2023-02-18 21:15:34.138 [info] Added views:workbench.view.search in workbench.view.search
2023-02-18 21:15:34.139 [info] Added views:timeline in workbench.view.explorer
2023-02-18 21:15:34.139 [info] Added views:workbench.explorer.emptyView in workbench.view.explorer
2023-02-18 21:15:34.361 [info] Added views:workbench.debug.variablesView,workbench.debug.watchExpressionsView,workbench.debug.callStackView,workbench.debug.breakPointsView in workbench.view.debug
2023-02-18 21:15:36.338 [info] Added views:workbench.panel.repl.view in workbench.panel.repl
2023-02-18 21:15:45.532 [info] Added views:workbench.panel.markers.view in workbench.panel.markers
2023-02-18 21:15:45.532 [info] Added views:workbench.panel.output in workbench.panel.output
2023-02-18 21:15:45.532 [info] Added views:terminal in terminal
2023-02-18 21:15:45.532 [info] Added views:outline in workbench.view.explorer
2023-02-18 21:15:45.532 [info] Added views:workbench.scm in workbench.view.scm
2023-02-18 21:15:45.532 [info] Added views:workbench.view.search in workbench.view.search
2023-02-18 21:15:45.532 [info] Added views:timeline in workbench.view.explorer
2023-02-18 21:15:45.532 [info] Added views:workbench.explorer.emptyView in workbench.view.explorer
2023-02-18 21:15:45.920 [info] Added views:workbench.debug.variablesView,workbench.debug.watchExpressionsView,workbench.debug.callStackView,workbench.debug.breakPointsView in workbench.view.debug
2023-02-18 21:15:47.756 [info] Added views:workbench.panel.repl.view in workbench.panel.repl
2023-02-18 21:17:19.598 [info] Added views:workbench.panel.markers.view in workbench.panel.markers
2023-02-18 21:17:19.598 [info] Added views:workbench.panel.output in workbench.panel.output
2023-02-18 21:17:19.598 [info] Added views:terminal in terminal
2023-02-18 21:17:19.598 [info] Added views:outline in workbench.view.explorer
2023-02-18 21:17:19.598 [info] Added views:workbench.scm in workbench.view.scm
2023-02-18 21:17:19.598 [info] Added views:workbench.view.search in workbench.view.search
2023-02-18 21:17:19.598 [info] Added views:timeline in workbench.view.explorer
2023-02-18 21:17:19.598 [info] Added views:workbench.explorer.emptyView in workbench.view.explorer
2023-02-18 21:17:20.039 [info] Added views:workbench.debug.variablesView,workbench.debug.watchExpressionsView,workbench.debug.callStackView,workbench.debug.breakPointsView in workbench.view.debug
2023-02-18 21:17:21.938 [info] Added views:workbench.panel.repl.view in workbench.panel.repl
2023-02-18 21:18:08.040 [info] Added views:workbench.panel.markers.view in workbench.panel.markers
2023-02-18 21:18:08.041 [info] Added views:workbench.panel.output in workbench.panel.output
2023-02-18 21:18:08.041 [info] Added views:terminal in terminal
2023-02-18 21:18:08.041 [info] Added views:outline in workbench.view.explorer
2023-02-18 21:18:08.041 [info] Added views:workbench.scm in workbench.view.scm
2023-02-18 21:18:08.041 [info] Added views:workbench.view.search in workbench.view.search
2023-02-18 21:18:08.041 [info] Added views:timeline in workbench.view.explorer
2023-02-18 21:18:08.041 [info] Added views:workbench.explorer.emptyView in workbench.view.explorer
2023-02-18 21:18:08.521 [info] Added views:workbench.debug.variablesView,workbench.debug.watchExpressionsView,workbench.debug.callStackView,workbench.debug.breakPointsView in workbench.view.debug
2023-02-18 21:18:10.963 [info] Added views:workbench.panel.repl.view in workbench.panel.repl
2023-02-18 21:18:48.819 [info] Added views:workbench.panel.markers.view in workbench.panel.markers
2023-02-18 21:18:48.819 [info] Added views:workbench.panel.output in workbench.panel.output
2023-02-18 21:18:48.819 [info] Added views:terminal in terminal
2023-02-18 21:18:48.819 [info] Added views:outline in workbench.view.explorer
2023-02-18 21:18:48.819 [info] Added views:workbench.scm in workbench.view.scm
2023-02-18 21:18:48.819 [info] Added views:workbench.view.search in workbench.view.search
2023-02-18 21:18:48.819 [info] Added views:timeline in workbench.view.explorer
2023-02-18 21:18:48.819 [info] Added views:workbench.explorer.emptyView in workbench.view.explorer
2023-02-18 21:18:49.212 [info] Added views:workbench.debug.variablesView,workbench.debug.watchExpressionsView,workbench.debug.callStackView,workbench.debug.breakPointsView in workbench.view.debug
2023-02-18 21:18:51.449 [info] Added views:workbench.panel.repl.view in workbench.panel.repl
2023-02-18 21:26:34.763 [info] Added views:workbench.panel.markers.view in workbench.panel.markers
2023-02-18 21:26:34.763 [info] Added views:workbench.panel.output in workbench.panel.output
2023-02-18 21:26:34.763 [info] Added views:terminal in terminal
2023-02-18 21:26:34.763 [info] Added views:outline in workbench.view.explorer
2023-02-18 21:26:34.763 [info] Added views:workbench.scm in workbench.view.scm
2023-02-18 21:26:34.763 [info] Added views:workbench.view.search in workbench.view.search
2023-02-18 21:26:34.763 [info] Added views:timeline in workbench.view.explorer
2023-02-18 21:26:34.763 [info] Added views:workbench.explorer.emptyView in workbench.view.explorer
2023-02-18 21:26:35.200 [info] Added views:workbench.debug.variablesView,workbench.debug.watchExpressionsView,workbench.debug.callStackView,workbench.debug.breakPointsView in workbench.view.debug
2023-02-18 21:26:37.995 [info] Added views:workbench.panel.repl.view in workbench.panel.repl
2023-02-18 21:26:53.021 [info] Added views:workbench.panel.markers.view in workbench.panel.markers
2023-02-18 21:26:53.021 [info] Added views:workbench.panel.output in workbench.panel.output
2023-02-18 21:26:53.021 [info] Added views:terminal in terminal
2023-02-18 21:26:53.021 [info] Added views:outline in workbench.view.explorer
2023-02-18 21:26:53.021 [info] Added views:workbench.scm in workbench.view.scm
2023-02-18 21:26:53.021 [info] Added views:workbench.view.search in workbench.view.search
2023-02-18 21:26:53.021 [info] Added views:timeline in workbench.view.explorer
2023-02-18 21:26:53.021 [info] Added views:workbench.explorer.emptyView in workbench.view.explorer
2023-02-18 21:26:53.375 [info] Added views:workbench.debug.variablesView,workbench.debug.watchExpressionsView,workbench.debug.callStackView,workbench.debug.breakPointsView in workbench.view.debug
2023-02-18 21:26:55.244 [info] Added views:workbench.panel.repl.view in workbench.panel.repl
