2023-02-19 15:52:01.466 [info] Log level: Info
2023-02-19 15:52:01.467 [info] Validating found git in: "git"
2023-02-19 15:52:01.467 [info] Using git "2.39.2" from "git"
2023-02-19 15:52:01.467 [info] > git rev-parse --show-toplevel [41ms]
2023-02-19 15:52:01.467 [info] > git rev-parse --git-dir --git-common-dir [26ms]
2023-02-19 15:52:01.467 [info] Open repository: /home/loco/Development/EC_CS_InventorySystem
2023-02-19 15:52:01.467 [info] > git rev-parse --show-toplevel [19ms]
2023-02-19 15:52:01.467 [info] > git rev-parse --show-toplevel [263ms]
2023-02-19 15:52:01.467 [info] > git config --get commit.template [323ms]
2023-02-19 15:52:01.469 [info] > git rev-parse --show-toplevel [39ms]
2023-02-19 15:52:01.509 [info] > git for-each-ref --format=%(refname)%00%(upstream:short)%00%(objectname)%00%(upstream:track)%00%(upstream:remotename)%00%(upstream:remoteref) refs/heads/main refs/remotes/main [4ms]
2023-02-19 15:52:01.541 [info] > git rev-parse --show-toplevel [63ms]
2023-02-19 15:52:01.561 [info] > git status -z -uall [33ms]
2023-02-19 15:52:01.561 [info] > git rev-parse --show-toplevel [3ms]
2023-02-19 15:52:01.563 [info] > git for-each-ref --sort -committerdate --format %(refname) %(objectname) %(*objectname) [23ms]
2023-02-19 15:52:01.746 [info] > git config --get commit.template [60ms]
2023-02-19 15:52:01.807 [info] > git fetch [769ms]
2023-02-19 15:52:02.034 [info] > git for-each-ref --format=%(refname)%00%(upstream:short)%00%(objectname)%00%(upstream:track)%00%(upstream:remotename)%00%(upstream:remoteref) refs/heads/main refs/remotes/main [229ms]
2023-02-19 15:52:02.053 [info] > git check-ignore -v -z --stdin [43ms]
2023-02-19 15:52:02.056 [info] > git config --get commit.template [28ms]
2023-02-19 15:52:02.102 [info] > git for-each-ref --format=%(refname)%00%(upstream:short)%00%(objectname)%00%(upstream:track)%00%(upstream:remotename)%00%(upstream:remoteref) refs/heads/main refs/remotes/main [26ms]
2023-02-19 15:52:02.150 [info] > git status -z -uall [26ms]
2023-02-19 15:52:02.154 [info] > git for-each-ref --sort -committerdate --format %(refname) %(objectname) %(*objectname) [18ms]
2023-02-19 15:52:15.263 [info] > git check-ignore -v -z --stdin [3ms]
2023-02-19 15:52:17.890 [info] > git check-ignore -v -z --stdin [3ms]
2023-02-19 15:52:21.644 [info] > git check-ignore -v -z --stdin [2ms]
2023-02-19 15:52:23.408 [info] > git show --textconv :Groceries/API/Controllers/GroceriesController.cs [16ms]
2023-02-19 15:52:23.413 [info] > git ls-files --stage -- /home/loco/Development/EC_CS_InventorySystem/Groceries/API/Controllers/GroceriesController.cs [6ms]
2023-02-19 15:52:23.481 [info] > git cat-file -s 0cd341b6dd13f2522008162f28845a03358f8fd7 [40ms]
2023-02-19 15:52:27.409 [info] > git config --get commit.template [48ms]
2023-02-19 15:52:27.463 [info] > git for-each-ref --format=%(refname)%00%(upstream:short)%00%(objectname)%00%(upstream:track)%00%(upstream:remotename)%00%(upstream:remoteref) refs/heads/main refs/remotes/main [5ms]
2023-02-19 15:52:27.507 [info] > git status -z -uall [27ms]
2023-02-19 15:52:27.521 [info] > git for-each-ref --sort -committerdate --format %(refname) %(objectname) %(*objectname) [15ms]
2023-02-19 15:52:32.628 [info] > git config --get commit.template [25ms]
2023-02-19 15:52:32.637 [info] > git for-each-ref --format=%(refname)%00%(upstream:short)%00%(objectname)%00%(upstream:track)%00%(upstream:remotename)%00%(upstream:remoteref) refs/heads/main refs/remotes/main [12ms]
2023-02-19 15:52:32.681 [info] > git status -z -uall [33ms]
2023-02-19 15:52:32.690 [info] > git for-each-ref --sort -committerdate --format %(refname) %(objectname) %(*objectname) [13ms]
2023-02-19 15:54:29.772 [info] > git config --get commit.template [31ms]
2023-02-19 15:54:29.774 [info] > git for-each-ref --format=%(refname)%00%(upstream:short)%00%(objectname)%00%(upstream:track)%00%(upstream:remotename)%00%(upstream:remoteref) refs/heads/main refs/remotes/main [9ms]
2023-02-19 15:54:29.810 [info] > git status -z -uall [25ms]
2023-02-19 15:54:29.811 [info] > git for-each-ref --sort -committerdate --format %(refname) %(objectname) %(*objectname) [3ms]
2023-02-19 15:54:34.953 [info] > git config --get commit.template [24ms]
2023-02-19 15:54:34.968 [info] > git for-each-ref --format=%(refname)%00%(upstream:short)%00%(objectname)%00%(upstream:track)%00%(upstream:remotename)%00%(upstream:remoteref) refs/heads/main refs/remotes/main [17ms]
2023-02-19 15:54:35.035 [info] > git status -z -uall [36ms]
2023-02-19 15:54:35.048 [info] > git for-each-ref --sort -committerdate --format %(refname) %(objectname) %(*objectname) [17ms]
2023-02-19 15:55:03.118 [info] > git fetch [921ms]
2023-02-19 15:55:03.299 [info] > git config --get commit.template [79ms]
2023-02-19 15:55:03.376 [info] > git for-each-ref --format=%(refname)%00%(upstream:short)%00%(objectname)%00%(upstream:track)%00%(upstream:remotename)%00%(upstream:remoteref) refs/heads/main refs/remotes/main [81ms]
2023-02-19 15:55:03.490 [info] > git status -z -uall [85ms]
2023-02-19 15:55:03.526 [info] > git for-each-ref --sort -committerdate --format %(refname) %(objectname) %(*objectname) [42ms]
2023-02-19 15:55:04.379 [info] > git ls-files --stage -- /home/loco/Development/EC_CS_InventorySystem/Groceries/API/Controllers/GroceriesController.cs [10ms]
2023-02-19 15:55:04.423 [info] > git cat-file -s 0cd341b6dd13f2522008162f28845a03358f8fd7 [11ms]
2023-02-19 15:55:04.474 [info] > git show --textconv :Groceries/API/Controllers/GroceriesController.cs [12ms]
2023-02-19 15:55:11.776 [info] > git show --textconv :Groceries/Domain/Groceries.cs [42ms]
2023-02-19 15:55:11.793 [info] > git ls-files --stage -- /home/loco/Development/EC_CS_InventorySystem/Groceries/Domain/Groceries.cs [24ms]
2023-02-19 15:55:11.819 [info] > git cat-file -s 1d4875df2c78984af185f31e90aa99c210ccfa14 [12ms]
2023-02-19 15:55:11.868 [info] > git check-ignore -v -z --stdin [2ms]
