2023-02-20 20:16:55.071 [info] Log level: Info
2023-02-20 20:16:55.071 [info] Validating found git in: "git"
2023-02-20 20:16:55.071 [info] Using git "2.39.2" from "git"
2023-02-20 20:16:55.112 [info] > git rev-parse --show-toplevel [42ms]
2023-02-20 20:16:55.112 [info] fatal: not a git repository (or any parent up to mount point /)
Stopping at filesystem boundary (GIT_DISCOVERY_ACROSS_FILESYSTEM not set).
2023-02-20 20:16:55.122 [info] > git rev-parse --show-toplevel [2ms]
2023-02-20 20:16:55.123 [info] fatal: not a git repository (or any parent up to mount point /)
Stopping at filesystem boundary (GIT_DISCOVERY_ACROSS_FILESYSTEM not set).
2023-02-20 20:16:55.134 [info] > git rev-parse --show-toplevel [2ms]
2023-02-20 20:16:55.145 [info] > git rev-parse --git-dir --git-common-dir [2ms]
2023-02-20 20:16:55.186 [info] Open repository: /home/loco/.mozilla/firefox/8om3ogab.default-release/chrome
2023-02-20 20:16:55.236 [info] > git rev-parse --show-toplevel [30ms]
2023-02-20 20:16:55.280 [info] > git rev-parse --git-dir --git-common-dir [27ms]
2023-02-20 20:16:55.317 [info] Open repository: /home/loco/.mozilla/firefox/8om3ogab.default-release/chrome_bak
2023-02-20 20:16:55.339 [info] > git config --get commit.template [104ms]
2023-02-20 20:16:55.363 [info] > git rev-parse --show-toplevel [23ms]
2023-02-20 20:16:55.363 [info] fatal: not a git repository (or any parent up to mount point /)
Stopping at filesystem boundary (GIT_DISCOVERY_ACROSS_FILESYSTEM not set).
2023-02-20 20:16:55.423 [info] > git rev-parse --show-toplevel [50ms]
2023-02-20 20:16:55.423 [info] fatal: not a git repository (or any parent up to mount point /)
Stopping at filesystem boundary (GIT_DISCOVERY_ACROSS_FILESYSTEM not set).
2023-02-20 20:16:55.441 [info] > git config --get commit.template [79ms]
2023-02-20 20:16:55.471 [info] > git for-each-ref --format=%(refname)%00%(upstream:short)%00%(objectname)%00%(upstream:track)%00%(upstream:remotename)%00%(upstream:remoteref) refs/heads/master refs/remotes/master [51ms]
2023-02-20 20:16:55.535 [info] > git for-each-ref --format=%(refname)%00%(upstream:short)%00%(objectname)%00%(upstream:track)%00%(upstream:remotename)%00%(upstream:remoteref) refs/heads/master refs/remotes/master [67ms]
2023-02-20 20:16:55.579 [info] > git rev-parse --show-toplevel [139ms]
2023-02-20 20:16:55.579 [info] fatal: not a git repository (or any parent up to mount point /)
Stopping at filesystem boundary (GIT_DISCOVERY_ACROSS_FILESYSTEM not set).
2023-02-20 20:16:55.603 [info] > git for-each-ref --sort -committerdate --format %(refname) %(objectname) %(*objectname) [78ms]
2023-02-20 20:16:55.617 [info] > git for-each-ref --sort -committerdate --format %(refname) %(objectname) %(*objectname) [39ms]
2023-02-20 20:16:55.620 [info] > git rev-parse --show-toplevel [19ms]
2023-02-20 20:16:55.620 [info] fatal: not a git repository (or any parent up to mount point /)
Stopping at filesystem boundary (GIT_DISCOVERY_ACROSS_FILESYSTEM not set).
2023-02-20 20:16:55.639 [info] > git rev-parse --show-toplevel [3ms]
2023-02-20 20:16:55.639 [info] fatal: not a git repository (or any parent up to mount point /)
Stopping at filesystem boundary (GIT_DISCOVERY_ACROSS_FILESYSTEM not set).
2023-02-20 20:16:55.655 [info] > git status -z -uall [158ms]
2023-02-20 20:16:55.705 [info] > git status -z -uall [151ms]
2023-02-20 20:16:55.705 [info] > git rev-parse --show-toplevel [52ms]
2023-02-20 20:16:55.705 [info] fatal: not a git repository (or any parent up to mount point /)
Stopping at filesystem boundary (GIT_DISCOVERY_ACROSS_FILESYSTEM not set).
2023-02-20 20:16:55.721 [info] > git rev-parse --show-toplevel [2ms]
2023-02-20 20:16:55.721 [info] fatal: not a git repository (or any parent up to mount point /)
Stopping at filesystem boundary (GIT_DISCOVERY_ACROSS_FILESYSTEM not set).
2023-02-20 20:16:55.735 [info] > git config --get commit.template [31ms]
2023-02-20 20:16:55.777 [info] > git rev-parse --show-toplevel [42ms]
2023-02-20 20:16:55.777 [info] fatal: not a git repository (or any parent up to mount point /)
Stopping at filesystem boundary (GIT_DISCOVERY_ACROSS_FILESYSTEM not set).
2023-02-20 20:16:55.805 [info] > git rev-parse --show-toplevel [15ms]
2023-02-20 20:16:55.805 [info] fatal: not a git repository (or any parent up to mount point /)
Stopping at filesystem boundary (GIT_DISCOVERY_ACROSS_FILESYSTEM not set).
2023-02-20 20:16:55.819 [info] > git config --get commit.template [43ms]
2023-02-20 20:16:55.822 [info] > git rev-parse --show-toplevel [4ms]
2023-02-20 20:16:55.822 [info] fatal: not a git repository (or any parent up to mount point /)
Stopping at filesystem boundary (GIT_DISCOVERY_ACROSS_FILESYSTEM not set).
2023-02-20 20:16:55.836 [info] > git for-each-ref --format=%(refname)%00%(upstream:short)%00%(objectname)%00%(upstream:track)%00%(upstream:remotename)%00%(upstream:remoteref) refs/heads/master refs/remotes/master [33ms]
2023-02-20 20:16:55.890 [info] > git rev-parse --show-toplevel [54ms]
2023-02-20 20:16:55.890 [info] fatal: not a git repository (or any parent up to mount point /)
Stopping at filesystem boundary (GIT_DISCOVERY_ACROSS_FILESYSTEM not set).
2023-02-20 20:16:55.893 [info] > git fetch [578ms]
2023-02-20 20:16:55.896 [info] > git for-each-ref --sort -committerdate --format %(refname) %(objectname) %(*objectname) [23ms]
2023-02-20 20:16:55.955 [info] > git status -z -uall [109ms]
2023-02-20 20:16:55.955 [info] > git check-ignore -v -z --stdin [38ms]
2023-02-20 20:16:55.957 [info] > git check-ignore -v -z --stdin [20ms]
2023-02-20 20:16:55.970 [info] > git for-each-ref --format=%(refname)%00%(upstream:short)%00%(objectname)%00%(upstream:track)%00%(upstream:remotename)%00%(upstream:remoteref) refs/heads/master refs/remotes/master [82ms]
2023-02-20 20:16:55.975 [info] > git config --get commit.template [22ms]
2023-02-20 20:16:56.007 [info] > git for-each-ref --format=%(refname)%00%(upstream:short)%00%(objectname)%00%(upstream:track)%00%(upstream:remotename)%00%(upstream:remoteref) refs/heads/master refs/remotes/master [2ms]
2023-02-20 20:16:56.115 [info] > git for-each-ref --sort -committerdate --format %(refname) %(objectname) %(*objectname) [55ms]
2023-02-20 20:16:56.116 [info] > git fetch [932ms]
2023-02-20 20:16:56.150 [info] > git status -z -uall [123ms]
2023-02-20 20:16:56.150 [info] > git config --get commit.template [15ms]
2023-02-20 20:16:56.157 [info] > git for-each-ref --format=%(refname)%00%(upstream:short)%00%(objectname)%00%(upstream:track)%00%(upstream:remotename)%00%(upstream:remoteref) refs/heads/master refs/remotes/master [8ms]
2023-02-20 20:16:56.191 [info] > git for-each-ref --sort -committerdate --format %(refname) %(objectname) %(*objectname) [5ms]
2023-02-20 20:16:56.266 [info] > git status -z -uall [95ms]
2023-02-20 20:16:56.786 [info] > git rev-parse --show-toplevel [3ms]
2023-02-20 20:16:56.798 [info] > git rev-parse --show-toplevel [4ms]
2023-02-20 20:16:56.810 [info] > git rev-parse --show-toplevel [2ms]
2023-02-20 20:16:56.824 [info] > git rev-parse --show-toplevel [3ms]
2023-02-20 20:18:26.910 [info] > git rev-parse --show-toplevel [2ms]
2023-02-20 20:18:26.910 [info] fatal: not a git repository (or any parent up to mount point /)
Stopping at filesystem boundary (GIT_DISCOVERY_ACROSS_FILESYSTEM not set).
2023-02-20 20:20:02.908 [info] > git fetch [623ms]
2023-02-20 20:20:02.940 [info] > git config --get commit.template [19ms]
2023-02-20 20:20:02.947 [info] > git for-each-ref --format=%(refname)%00%(upstream:short)%00%(objectname)%00%(upstream:track)%00%(upstream:remotename)%00%(upstream:remoteref) refs/heads/master refs/remotes/master [11ms]
2023-02-20 20:20:03.000 [info] > git fetch [738ms]
2023-02-20 20:20:03.033 [info] > git for-each-ref --sort -committerdate --format %(refname) %(objectname) %(*objectname) [48ms]
2023-02-20 20:20:03.036 [info] > git config --get commit.template [4ms]
2023-02-20 20:20:03.065 [info] > git for-each-ref --format=%(refname)%00%(upstream:short)%00%(objectname)%00%(upstream:track)%00%(upstream:remotename)%00%(upstream:remoteref) refs/heads/master refs/remotes/master [12ms]
2023-02-20 20:20:03.136 [info] > git status -z -uall [182ms]
2023-02-20 20:20:03.173 [info] > git for-each-ref --sort -committerdate --format %(refname) %(objectname) %(*objectname) [38ms]
2023-02-20 20:20:03.220 [info] > git status -z -uall [135ms]
2023-02-20 20:20:03.734 [info] > git rev-parse --show-toplevel [1ms]
2023-02-20 20:20:03.747 [info] > git rev-parse --show-toplevel [4ms]
2023-02-20 20:20:03.755 [info] > git rev-parse --show-toplevel [2ms]
2023-02-20 20:20:03.766 [info] > git rev-parse --show-toplevel [2ms]
