2023-02-18 21:08:30.408 [info] Reading sessions from keychain...
2023-02-18 21:08:30.409 [info] Getting sessions for user:email...
2023-02-18 21:08:30.409 [info] Got 0 sessions for user:email...
2023-02-18 21:08:30.409 [info] Getting sessions for all scopes...
2023-02-18 21:08:30.409 [info] Got 0 sessions for ...
2023-02-18 21:08:30.596 [info] Getting sessions for all scopes...
2023-02-18 21:08:30.596 [info] Got 0 sessions for ...
2023-02-18 21:10:50.180 [info] Reading sessions from keychain...
2023-02-18 21:10:50.180 [info] Getting sessions for user:email...
2023-02-18 21:10:50.180 [info] Got 0 sessions for user:email...
2023-02-18 21:10:50.300 [info] Getting sessions for all scopes...
2023-02-18 21:10:50.300 [info] Got 0 sessions for ...
2023-02-18 21:12:03.107 [info] Reading sessions from keychain...
2023-02-18 21:12:03.108 [info] Getting sessions for user:email...
2023-02-18 21:12:03.108 [info] Got 0 sessions for user:email...
2023-02-18 21:12:03.247 [info] Getting sessions for all scopes...
2023-02-18 21:12:03.247 [info] Got 0 sessions for ...
2023-02-18 21:12:20.849 [info] Reading sessions from keychain...
2023-02-18 21:12:20.849 [info] Getting sessions for user:email...
2023-02-18 21:12:20.849 [info] Got 0 sessions for user:email...
2023-02-18 21:12:20.855 [info] Getting sessions for all scopes...
2023-02-18 21:12:20.855 [info] Got 0 sessions for ...
2023-02-18 21:12:20.978 [info] Getting sessions for all scopes...
2023-02-18 21:12:20.978 [info] Got 0 sessions for ...
2023-02-18 21:12:37.947 [info] Reading sessions from keychain...
2023-02-18 21:12:37.947 [info] Getting sessions for user:email...
2023-02-18 21:12:37.947 [info] Got 0 sessions for user:email...
2023-02-18 21:12:38.042 [info] Getting sessions for all scopes...
2023-02-18 21:12:38.042 [info] Got 0 sessions for ...
2023-02-18 21:12:47.296 [info] Reading sessions from keychain...
2023-02-18 21:12:47.297 [info] Getting sessions for user:email...
2023-02-18 21:12:47.297 [info] Got 0 sessions for user:email...
2023-02-18 21:12:47.297 [info] Getting sessions for all scopes...
2023-02-18 21:12:47.297 [info] Got 0 sessions for ...
2023-02-18 21:12:47.551 [info] Getting sessions for all scopes...
2023-02-18 21:12:47.551 [info] Got 0 sessions for ...
2023-02-18 21:13:23.105 [info] Reading sessions from keychain...
2023-02-18 21:13:23.105 [info] Getting sessions for user:email...
2023-02-18 21:13:23.105 [info] Got 0 sessions for user:email...
2023-02-18 21:13:23.180 [info] Getting sessions for all scopes...
2023-02-18 21:13:23.180 [info] Got 0 sessions for ...
2023-02-18 21:13:23.328 [info] Getting sessions for all scopes...
2023-02-18 21:13:23.328 [info] Got 0 sessions for ...
2023-02-18 21:14:08.638 [info] Reading sessions from keychain...
2023-02-18 21:14:08.638 [info] Getting sessions for user:email...
2023-02-18 21:14:08.638 [info] Got 0 sessions for user:email...
2023-02-18 21:14:08.638 [info] Getting sessions for all scopes...
2023-02-18 21:14:08.638 [info] Got 0 sessions for ...
2023-02-18 21:14:08.832 [info] Getting sessions for all scopes...
2023-02-18 21:14:08.832 [info] Got 0 sessions for ...
2023-02-18 21:14:36.340 [info] Reading sessions from keychain...
2023-02-18 21:14:36.340 [info] Getting sessions for user:email...
2023-02-18 21:14:36.340 [info] Got 0 sessions for user:email...
2023-02-18 21:14:37.308 [info] Getting sessions for all scopes...
2023-02-18 21:14:37.308 [info] Got 0 sessions for ...
2023-02-18 21:14:47.563 [info] Reading sessions from keychain...
2023-02-18 21:14:47.563 [info] Getting sessions for user:email...
2023-02-18 21:14:47.563 [info] Getting sessions for all scopes...
2023-02-18 21:14:47.563 [info] Got 0 sessions for user:email...
2023-02-18 21:14:47.563 [info] Got 0 sessions for ...
2023-02-18 21:14:47.892 [info] Getting sessions for all scopes...
2023-02-18 21:14:47.892 [info] Got 0 sessions for ...
2023-02-18 21:15:18.697 [info] Reading sessions from keychain...
2023-02-18 21:15:18.697 [info] Getting sessions for user:email...
2023-02-18 21:15:18.697 [info] Got 0 sessions for user:email...
2023-02-18 21:15:18.700 [info] Getting sessions for all scopes...
2023-02-18 21:15:18.700 [info] Got 0 sessions for ...
2023-02-18 21:15:18.825 [info] Getting sessions for all scopes...
2023-02-18 21:15:18.826 [info] Got 0 sessions for ...
2023-02-18 21:15:39.259 [info] Reading sessions from keychain...
2023-02-18 21:15:39.259 [info] Getting sessions for user:email...
2023-02-18 21:15:39.259 [info] Got 0 sessions for user:email...
2023-02-18 21:15:39.259 [info] Getting sessions for all scopes...
2023-02-18 21:15:39.259 [info] Got 0 sessions for ...
2023-02-18 21:15:39.311 [info] Getting sessions for all scopes...
2023-02-18 21:15:39.311 [info] Got 0 sessions for ...
2023-02-18 21:15:50.318 [info] Reading sessions from keychain...
2023-02-18 21:15:50.318 [info] Getting sessions for user:email...
2023-02-18 21:15:50.318 [info] Got 0 sessions for user:email...
2023-02-18 21:15:50.318 [info] Getting sessions for all scopes...
2023-02-18 21:15:50.318 [info] Got 0 sessions for ...
2023-02-18 21:15:50.557 [info] Getting sessions for all scopes...
2023-02-18 21:15:50.557 [info] Got 0 sessions for ...
2023-02-18 21:17:26.055 [info] Reading sessions from keychain...
2023-02-18 21:17:26.055 [info] Getting sessions for user:email...
2023-02-18 21:17:26.055 [info] Got 0 sessions for user:email...
2023-02-18 21:17:26.104 [info] Getting sessions for all scopes...
2023-02-18 21:17:26.105 [info] Got 0 sessions for ...
2023-02-18 21:18:13.461 [info] Reading sessions from keychain...
2023-02-18 21:18:13.461 [info] Getting sessions for user:email...
2023-02-18 21:18:13.461 [info] Got 0 sessions for user:email...
2023-02-18 21:18:13.543 [info] Getting sessions for all scopes...
2023-02-18 21:18:13.543 [info] Got 0 sessions for ...
2023-02-18 21:18:14.054 [info] Getting sessions for all scopes...
2023-02-18 21:18:14.054 [info] Got 0 sessions for ...
2023-02-18 21:18:54.165 [info] Reading sessions from keychain...
2023-02-18 21:18:54.165 [info] Getting sessions for user:email...
2023-02-18 21:18:54.165 [info] Got 0 sessions for user:email...
2023-02-18 21:18:54.165 [info] Getting sessions for all scopes...
2023-02-18 21:18:54.165 [info] Got 0 sessions for ...
2023-02-18 21:18:54.294 [info] Getting sessions for all scopes...
2023-02-18 21:18:54.294 [info] Got 0 sessions for ...
2023-02-18 21:26:40.977 [info] Reading sessions from keychain...
2023-02-18 21:26:40.978 [info] Getting sessions for user:email...
2023-02-18 21:26:40.978 [info] Got 0 sessions for user:email...
2023-02-18 21:26:41.175 [info] Getting sessions for all scopes...
2023-02-18 21:26:41.175 [info] Got 0 sessions for ...
2023-02-18 21:26:58.217 [info] Reading sessions from keychain...
2023-02-18 21:26:58.217 [info] Getting sessions for user:email...
2023-02-18 21:26:58.217 [info] Got 0 sessions for user:email...
2023-02-18 21:26:58.230 [info] Getting sessions for all scopes...
2023-02-18 21:26:58.230 [info] Got 0 sessions for ...
2023-02-18 21:26:58.337 [info] Getting sessions for all scopes...
2023-02-18 21:26:58.337 [info] Got 0 sessions for ...
