2023-02-20 20:24:18.923 [info] Log level: Info
2023-02-20 20:24:18.923 [info] Validating found git in: "git"
2023-02-20 20:24:18.923 [info] Using git "2.39.2" from "git"
2023-02-20 20:24:18.923 [info] > git rev-parse --show-toplevel [38ms]
2023-02-20 20:24:18.923 [info] fatal: not a git repository (or any parent up to mount point /)
Stopping at filesystem boundary (GIT_DISCOVERY_ACROSS_FILESYSTEM not set).
2023-02-20 20:24:18.923 [info] > git rev-parse --show-toplevel [8ms]
2023-02-20 20:24:18.923 [info] fatal: not a git repository (or any parent up to mount point /)
Stopping at filesystem boundary (GIT_DISCOVERY_ACROSS_FILESYSTEM not set).
2023-02-20 20:24:18.923 [info] > git rev-parse --show-toplevel [2ms]
2023-02-20 20:24:18.923 [info] fatal: not a git repository (or any parent up to mount point /)
Stopping at filesystem boundary (GIT_DISCOVERY_ACROSS_FILESYSTEM not set).
2023-02-20 20:24:18.923 [info] > git rev-parse --show-toplevel [6ms]
2023-02-20 20:24:18.923 [info] > git rev-parse --git-dir --git-common-dir [7ms]
2023-02-20 20:24:18.924 [info] Open repository: /home/loco/.mozilla/firefox/8om3ogab.default-release/chrome
2023-02-20 20:24:18.924 [info] > git config --get commit.template [9ms]
2023-02-20 20:24:18.924 [info] > git rev-parse --show-toplevel [29ms]
2023-02-20 20:24:18.924 [info] > git rev-parse --git-dir --git-common-dir [17ms]
2023-02-20 20:24:18.924 [info] Open repository: /home/loco/.mozilla/firefox/8om3ogab.default-release/chrome_bak
2023-02-20 20:24:18.924 [info] > git for-each-ref --format=%(refname)%00%(upstream:short)%00%(objectname)%00%(upstream:track)%00%(upstream:remotename)%00%(upstream:remoteref) refs/heads/master refs/remotes/master [66ms]
2023-02-20 20:24:18.924 [info] > git config --get commit.template [59ms]
2023-02-20 20:24:18.924 [info] > git rev-parse --show-toplevel [89ms]
2023-02-20 20:24:18.924 [info] fatal: not a git repository (or any parent up to mount point /)
Stopping at filesystem boundary (GIT_DISCOVERY_ACROSS_FILESYSTEM not set).
2023-02-20 20:24:18.924 [info] > git rev-parse --show-toplevel [104ms]
2023-02-20 20:24:18.924 [info] fatal: not a git repository (or any parent up to mount point /)
Stopping at filesystem boundary (GIT_DISCOVERY_ACROSS_FILESYSTEM not set).
2023-02-20 20:24:18.924 [info] > git for-each-ref --sort -committerdate --format %(refname) %(objectname) %(*objectname) [215ms]
2023-02-20 20:24:18.924 [info] > git status -z -uall [448ms]
2023-02-20 20:24:18.924 [info] > git rev-parse --show-toplevel [229ms]
2023-02-20 20:24:18.924 [info] fatal: not a git repository (or any parent up to mount point /)
Stopping at filesystem boundary (GIT_DISCOVERY_ACROSS_FILESYSTEM not set).
2023-02-20 20:24:18.924 [info] > git rev-parse --show-toplevel [527ms]
2023-02-20 20:24:18.924 [info] fatal: not a git repository (or any parent up to mount point /)
Stopping at filesystem boundary (GIT_DISCOVERY_ACROSS_FILESYSTEM not set).
2023-02-20 20:24:18.924 [info] > git for-each-ref --format=%(refname)%00%(upstream:short)%00%(objectname)%00%(upstream:track)%00%(upstream:remotename)%00%(upstream:remoteref) refs/heads/master refs/remotes/master [591ms]
2023-02-20 20:24:18.924 [info] > git fetch [1293ms]
2023-02-20 20:24:18.924 [info] > git for-each-ref --sort -committerdate --format %(refname) %(objectname) %(*objectname) [221ms]
2023-02-20 20:24:18.924 [info] > git rev-parse --show-toplevel [307ms]
2023-02-20 20:24:18.924 [info] fatal: not a git repository (or any parent up to mount point /)
Stopping at filesystem boundary (GIT_DISCOVERY_ACROSS_FILESYSTEM not set).
2023-02-20 20:24:18.924 [info] > git config --get commit.template [559ms]
2023-02-20 20:24:18.924 [info] > git fetch [1412ms]
2023-02-20 20:24:18.924 [info] > git status -z -uall [375ms] (cancelled)
2023-02-20 20:24:18.924 [info] > git rev-parse --show-toplevel [81ms]
2023-02-20 20:24:18.924 [info] fatal: not a git repository (or any parent up to mount point /)
Stopping at filesystem boundary (GIT_DISCOVERY_ACROSS_FILESYSTEM not set).
2023-02-20 20:24:18.924 [info] > git config --get commit.template [124ms]
2023-02-20 20:24:18.924 [info] > git config --get commit.template [38ms]
2023-02-20 20:24:18.924 [info] > git config --get commit.template [54ms]
2023-02-20 20:24:18.924 [info] > git rev-parse --show-toplevel [39ms]
2023-02-20 20:24:18.924 [info] fatal: not a git repository (or any parent up to mount point /)
Stopping at filesystem boundary (GIT_DISCOVERY_ACROSS_FILESYSTEM not set).
2023-02-20 20:24:18.924 [info] > git for-each-ref --format=%(refname)%00%(upstream:short)%00%(objectname)%00%(upstream:track)%00%(upstream:remotename)%00%(upstream:remoteref) refs/heads/master refs/remotes/master [49ms]
2023-02-20 20:24:18.924 [info] > git for-each-ref --format=%(refname)%00%(upstream:short)%00%(objectname)%00%(upstream:track)%00%(upstream:remotename)%00%(upstream:remoteref) refs/heads/master refs/remotes/master [101ms]
2023-02-20 20:24:18.924 [info] > git for-each-ref --format=%(refname)%00%(upstream:short)%00%(objectname)%00%(upstream:track)%00%(upstream:remotename)%00%(upstream:remoteref) refs/heads/master refs/remotes/master [63ms]
2023-02-20 20:24:18.924 [info] > git for-each-ref --format=%(refname)%00%(upstream:short)%00%(objectname)%00%(upstream:track)%00%(upstream:remotename)%00%(upstream:remoteref) refs/heads/master refs/remotes/master [121ms]
2023-02-20 20:24:18.924 [info] > git rev-parse --show-toplevel [144ms]
2023-02-20 20:24:18.924 [info] fatal: not a git repository (or any parent up to mount point /)
Stopping at filesystem boundary (GIT_DISCOVERY_ACROSS_FILESYSTEM not set).
2023-02-20 20:24:18.924 [info] > git for-each-ref --sort -committerdate --format %(refname) %(objectname) %(*objectname) [35ms]
2023-02-20 20:24:18.924 [info] > git for-each-ref --sort -committerdate --format %(refname) %(objectname) %(*objectname) [104ms]
2023-02-20 20:24:18.924 [info] > git status -z -uall [145ms]
2023-02-20 20:24:18.924 [info] > git rev-parse --show-toplevel [28ms]
2023-02-20 20:24:18.924 [info] fatal: not a git repository (or any parent up to mount point /)
Stopping at filesystem boundary (GIT_DISCOVERY_ACROSS_FILESYSTEM not set).
2023-02-20 20:24:18.924 [info] > git rev-parse --show-toplevel [13ms]
2023-02-20 20:24:18.924 [info] fatal: not a git repository (or any parent up to mount point /)
Stopping at filesystem boundary (GIT_DISCOVERY_ACROSS_FILESYSTEM not set).
2023-02-20 20:24:18.924 [info] > git rev-parse --show-toplevel [5ms]
2023-02-20 20:24:18.924 [info] fatal: not a git repository (or any parent up to mount point /)
Stopping at filesystem boundary (GIT_DISCOVERY_ACROSS_FILESYSTEM not set).
2023-02-20 20:24:18.924 [info] > git status -z -uall [165ms]
2023-02-20 20:24:18.928 [info] > git rev-parse --show-toplevel [30ms]
2023-02-20 20:24:18.928 [info] fatal: not a git repository (or any parent up to mount point /)
Stopping at filesystem boundary (GIT_DISCOVERY_ACROSS_FILESYSTEM not set).
2023-02-20 20:24:18.929 [info] > git rev-parse --show-toplevel [17ms]
2023-02-20 20:24:18.957 [info] > git rev-parse --show-toplevel [12ms]
2023-02-20 20:24:18.979 [info] > git rev-parse --show-toplevel [10ms]
2023-02-20 20:24:18.979 [info] fatal: not a git repository (or any parent up to mount point /)
Stopping at filesystem boundary (GIT_DISCOVERY_ACROSS_FILESYSTEM not set).
2023-02-20 20:24:19.253 [info] > git rev-parse --show-toplevel [4ms]
2023-02-20 20:24:19.253 [info] fatal: not a git repository (or any parent up to mount point /)
Stopping at filesystem boundary (GIT_DISCOVERY_ACROSS_FILESYSTEM not set).
2023-02-20 20:24:19.384 [info] > git rev-parse --show-toplevel [6ms]
2023-02-20 20:24:19.401 [info] > git rev-parse --show-toplevel [7ms]
2023-02-20 20:24:19.419 [info] > git rev-parse --show-toplevel [2ms]
2023-02-20 20:24:19.479 [info] > git rev-parse --show-toplevel [8ms]
2023-02-20 20:24:19.838 [info] > git rev-parse --show-toplevel [13ms]
2023-02-20 20:24:19.838 [info] fatal: not a git repository (or any parent up to mount point /)
Stopping at filesystem boundary (GIT_DISCOVERY_ACROSS_FILESYSTEM not set).
2023-02-20 20:24:20.395 [info] > git rev-parse --show-toplevel [7ms]
2023-02-20 20:24:20.395 [info] fatal: not a git repository (or any parent up to mount point /)
Stopping at filesystem boundary (GIT_DISCOVERY_ACROSS_FILESYSTEM not set).
