2023-02-19 15:52:00.233 [info] Extension host with pid 4933 started
2023-02-19 15:52:00.234 [info] Skipping acquiring lock for /home/loco/.config/Code/User/workspaceStorage/8c028fb8d3aa7311c89dab34976adca9.
2023-02-19 15:52:00.508 [info] ExtensionService#_doActivateExtension vscode.emmet, startup: false, activationEvent: 'onLanguage'
2023-02-19 15:52:00.535 [info] ExtensionService#_doActivateExtension vscode.git-base, startup: true, activationEvent: '*', root cause: vscode.git
2023-02-19 15:52:00.620 [info] ExtensionService#_doActivateExtension vscode.git, startup: true, activationEvent: '*'
2023-02-19 15:52:00.704 [info] ExtensionService#_doActivateExtension vscode.github, startup: true, activationEvent: '*'
2023-02-19 15:52:01.148 [info] ExtensionService#_doActivateExtension ms-dotnettools.csharp, startup: true, activationEvent: 'workspaceContains:**/*.{csproj,sln,slnf,csx,cake}'
2023-02-19 15:52:01.744 [info] Eager extensions activated
2023-02-19 15:52:01.746 [info] ExtensionService#_doActivateExtension vscode.github-authentication, startup: false, activationEvent: 'onAuthenticationRequest:github'
2023-02-19 15:52:01.814 [info] ExtensionService#_doActivateExtension vscode.debug-auto-launch, startup: false, activationEvent: 'onStartupFinished'
2023-02-19 15:52:01.819 [info] ExtensionService#_doActivateExtension vscode.merge-conflict, startup: false, activationEvent: 'onStartupFinished'
2023-02-19 15:52:02.427 [info] ExtensionService#_doActivateExtension vscode.microsoft-authentication, startup: false, activationEvent: 'onAuthenticationRequest:microsoft'
2023-02-19 15:52:11.482 [warning] DiagnosticCollection with name 'csharp' does already exist.
2023-02-19 15:52:22.782 [info] ExtensionService#_doActivateExtension k--kato.docomment, startup: false, activationEvent: 'onLanguage:csharp'
2023-02-19 15:52:22.793 [info] ExtensionService#_doActivateExtension kreativ-software.csharpextensions, startup: false, activationEvent: 'onLanguage:csharp'
2023-02-19 15:52:24.990 [error] [ms-dotnettools.csharp] provider FAILED
2023-02-19 15:52:24.990 [error] Problem invoking 'GetCodeActions' on OmniSharp server: Error: Request /v2/getcodeactions cancelled, id: undefined
2023-02-19 15:52:25.255 [error] [ms-dotnettools.csharp] provider FAILED
2023-02-19 15:52:25.255 [error] Problem invoking 'GetCodeActions' on OmniSharp server: Error: Request /v2/getcodeactions cancelled, id: undefined
2023-02-19 15:52:26.031 [error] [ms-dotnettools.csharp] provider FAILED
2023-02-19 15:52:26.031 [error] Problem invoking 'GetCodeActions' on OmniSharp server: Error: Request /v2/getcodeactions cancelled, id: undefined
2023-02-19 15:52:31.808 [error] [ms-dotnettools.csharp] provider FAILED
2023-02-19 15:52:31.808 [error] Problem invoking 'GetCodeActions' on OmniSharp server: Error: Request /v2/getcodeactions cancelled, id: 33
2023-02-19 15:53:07.877 [info] ExtensionService#_doActivateExtension vscode.debug-server-ready, startup: false, activationEvent: 'onDebugResolve'
2023-02-19 15:57:48.699 [info] Extension host terminating: renderer closed the MessagePort
2023-02-19 15:57:48.782 [error] Canceled: Canceled
	at new u (/opt/visual-studio-code/resources/app/out/vs/workbench/api/node/extensionHostProcess.js:96:88070)
	at l.O (/opt/visual-studio-code/resources/app/out/vs/workbench/api/node/extensionHostProcess.js:106:11276)
	at V.<computed>.M.charCodeAt.V.<computed> (/opt/visual-studio-code/resources/app/out/vs/workbench/api/node/extensionHostProcess.js:106:8557)
	at s.g (/opt/visual-studio-code/resources/app/out/vs/workbench/api/node/extensionHostProcess.js:96:107430)
	at s.executeCommand (/opt/visual-studio-code/resources/app/out/vs/workbench/api/node/extensionHostProcess.js:96:106806)
	at w.registerCommand.description (/opt/visual-studio-code/resources/app/out/vs/workbench/api/node/extensionHostProcess.js:96:106099)
	at s.h (/opt/visual-studio-code/resources/app/out/vs/workbench/api/node/extensionHostProcess.js:96:108016)
	at s.g (/opt/visual-studio-code/resources/app/out/vs/workbench/api/node/extensionHostProcess.js:96:106906)
	at s.executeCommand (/opt/visual-studio-code/resources/app/out/vs/workbench/api/node/extensionHostProcess.js:96:106806)
	at Object.executeCommand (/opt/visual-studio-code/resources/app/out/vs/workbench/api/node/extensionHostProcess.js:117:30778)
	at D (/opt/visual-studio-code/resources/app/extensions/git/dist/main.js:2:2055373)
	at f.invoke (/opt/visual-studio-code/resources/app/out/vs/workbench/api/node/extensionHostProcess.js:63:145)
	at g.deliver (/opt/visual-studio-code/resources/app/out/vs/workbench/api/node/extensionHostProcess.js:63:2029)
	at d.fire (/opt/visual-studio-code/resources/app/out/vs/workbench/api/node/extensionHostProcess.js:63:1667)
	at Object.h [as dispose] (/opt/visual-studio-code/resources/app/extensions/git/dist/main.js:2:2070210)
	at /opt/visual-studio-code/resources/app/extensions/git/dist/main.js:2:2074277
	at Array.forEach (<anonymous>)
	at g.dispose (/opt/visual-studio-code/resources/app/extensions/git/dist/main.js:2:2074263)
	at C.<anonymous> (/opt/visual-studio-code/resources/app/out/vs/workbench/api/node/extensionHostProcess.js:94:12431)
	at C.dispose (/opt/visual-studio-code/resources/app/out/vs/workbench/api/node/extensionHostProcess.js:94:12566)
	at C.<anonymous> (/opt/visual-studio-code/resources/app/extensions/git/dist/main.js:2:2057503)
	at C.dispose (/opt/visual-studio-code/resources/app/out/vs/workbench/api/node/extensionHostProcess.js:94:12566)
	at T (/opt/visual-studio-code/resources/app/out/vs/workbench/api/node/extensionHostProcess.js:10:12072)
	at f.X (/opt/visual-studio-code/resources/app/out/vs/workbench/api/node/extensionHostProcess.js:108:11242)
	at /opt/visual-studio-code/resources/app/out/vs/workbench/api/node/extensionHostProcess.js:108:9037
	at Array.map (<anonymous>)
	at f.Q (/opt/visual-studio-code/resources/app/out/vs/workbench/api/node/extensionHostProcess.js:108:9024)
	at f.terminate (/opt/visual-studio-code/resources/app/out/vs/workbench/api/node/extensionHostProcess.js:108:9298)
	at h.terminate (/opt/visual-studio-code/resources/app/out/vs/workbench/api/node/extensionHostProcess.js:112:1397)
	at p (/opt/visual-studio-code/resources/app/out/vs/workbench/api/node/extensionHostProcess.js:122:17851)
	at MessagePortMain.<anonymous> (/opt/visual-studio-code/resources/app/out/vs/workbench/api/node/extensionHostProcess.js:122:13990)
	at MessagePortMain.emit (node:events:526:28)
	at MessagePortMain._internalPort.emit (node:electron/js2c/utility_init:5:364) setContext undefined
2023-02-19 15:57:48.783 [info] Extension host with pid 4933 exiting with code 0
