Starting OmniSharp server at 2/19/2023, 3:51:33 PM
    Target: /home/loco/Development/EC_CS_InventorySystem/EC_CS_InventorySystem.sln

OmniSharp server started with .NET 7.0.102
.
    Path: /home/loco/.vscode/extensions/ms-dotnettools.csharp-1.25.4-linux-x64/.omnisharp/1.39.4-net6.0/OmniSharp.dll
    PID: 4370

[info]: OmniSharp.Stdio.Host
        Starting OmniSharp on Unknown 0.0 (Unknown)
[info]: OmniSharp.Services.DotNetCliService
        Checking the 'DOTNET_ROOT' environment variable to find a .NET SDK
[info]: OmniSharp.Services.DotNetCliService
        DotNetPath set to /usr/share/dotnet/dotnet
[info]: OmniSharp.MSBuild.Discovery.MSBuildLocator
        Located 1 MSBuild instance(s)
            1: .NET Core SDK 7.0.102 17.4.1 - "/usr/share/dotnet/sdk/7.0.102/"
[info]: OmniSharp.MSBuild.Discovery.MSBuildLocator
        Registered MSBuild instance: .NET Core SDK 7.0.102 17.4.1 - "/usr/share/dotnet/sdk/7.0.102/"
[info]: OmniSharp.WorkspaceInitializer
        Invoking Workspace Options Provider: OmniSharp.Roslyn.CSharp.Services.CSharpFormattingWorkspaceOptionsProvider, Order: 0
[info]: OmniSharp.Cake.CakeProjectSystem
        Detecting Cake files in '/home/loco/Development/EC_CS_InventorySystem'.
[info]: OmniSharp.Cake.CakeProjectSystem
        Did not find any Cake files
[info]: OmniSharp.MSBuild.ProjectSystem
        Detecting projects in '/home/loco/Development/EC_CS_InventorySystem/EC_CS_InventorySystem.sln'.
[info]: OmniSharp.MSBuild.ProjectManager
        Queue project update for '/home/loco/Development/EC_CS_InventorySystem/Groceries/Application/Application.csproj'
[info]: OmniSharp.MSBuild.ProjectManager
        Queue project update for '/home/loco/Development/EC_CS_InventorySystem/InvSystem/InvSystem/InvSystem.csproj'
[info]: OmniSharp.MSBuild.ProjectManager
        Queue project update for '/home/loco/Development/EC_CS_InventorySystem/Groceries/API/API.csproj'
[info]: OmniSharp.MSBuild.ProjectManager
        Queue project update for '/home/loco/Development/EC_CS_InventorySystem/Groceries/Domain/Domain.csproj'
[info]: OmniSharp.MSBuild.ProjectManager
        Queue project update for '/home/loco/Development/EC_CS_InventorySystem/Groceries/Persistence/Persistence.csproj'
[info]: OmniSharp.Script.ScriptProjectSystem
        Detecting CSX files in '/home/loco/Development/EC_CS_InventorySystem'.
[info]: OmniSharp.Script.ScriptProjectSystem
        Did not find any CSX files
[info]: OmniSharp.WorkspaceInitializer
        Configuration finished.
[info]: OmniSharp.Stdio.Host
        Omnisharp server running using Stdio at location '/home/loco/Development/EC_CS_InventorySystem' on host 4202.
[info]: OmniSharp.MSBuild.ProjectManager
        Loading project: /home/loco/Development/EC_CS_InventorySystem/Groceries/Application/Application.csproj
[info]: OmniSharp.MSBuild.ProjectManager
        Successfully loaded project file '/home/loco/Development/EC_CS_InventorySystem/Groceries/Application/Application.csproj'.
[info]: OmniSharp.MSBuild.ProjectManager
        Adding project '/home/loco/Development/EC_CS_InventorySystem/Groceries/Application/Application.csproj'
[info]: OmniSharp.MSBuild.ProjectManager
        Loading project: /home/loco/Development/EC_CS_InventorySystem/InvSystem/InvSystem/InvSystem.csproj
[info]: OmniSharp.MSBuild.ProjectManager
        Successfully loaded project file '/home/loco/Development/EC_CS_InventorySystem/InvSystem/InvSystem/InvSystem.csproj'.
[info]: OmniSharp.MSBuild.ProjectManager
        Adding project '/home/loco/Development/EC_CS_InventorySystem/InvSystem/InvSystem/InvSystem.csproj'
[info]: OmniSharp.MSBuild.ProjectManager
        Loading project: /home/loco/Development/EC_CS_InventorySystem/Groceries/API/API.csproj
[info]: OmniSharp.MSBuild.ProjectManager
        Successfully loaded project file '/home/loco/Development/EC_CS_InventorySystem/Groceries/API/API.csproj'.
[info]: OmniSharp.MSBuild.ProjectManager
        Adding project '/home/loco/Development/EC_CS_InventorySystem/Groceries/API/API.csproj'
[info]: OmniSharp.MSBuild.ProjectManager
        Loading project: /home/loco/Development/EC_CS_InventorySystem/Groceries/Domain/Domain.csproj
[info]: OmniSharp.MSBuild.ProjectManager
        Successfully loaded project file '/home/loco/Development/EC_CS_InventorySystem/Groceries/Domain/Domain.csproj'.
[info]: OmniSharp.MSBuild.ProjectManager
        Adding project '/home/loco/Development/EC_CS_InventorySystem/Groceries/Domain/Domain.csproj'
[info]: OmniSharp.MSBuild.ProjectManager
        Loading project: /home/loco/Development/EC_CS_InventorySystem/Groceries/Persistence/Persistence.csproj
[info]: OmniSharp.MSBuild.ProjectManager
        Successfully loaded project file '/home/loco/Development/EC_CS_InventorySystem/Groceries/Persistence/Persistence.csproj'.
[info]: OmniSharp.MSBuild.ProjectManager
        Adding project '/home/loco/Development/EC_CS_InventorySystem/Groceries/Persistence/Persistence.csproj'
[info]: OmniSharp.MSBuild.ProjectManager
        Update project: Application
[info]: OmniSharp.MSBuild.ProjectManager
        Update project: InvSystem
[info]: OmniSharp.MSBuild.ProjectManager
        Update project: API
[info]: OmniSharp.MSBuild.ProjectManager
        Update project: Domain
[info]: OmniSharp.MSBuild.ProjectManager
        Update project: Persistence
